#
# There is insufficient memory for the Java Runtime Environment to continue.
# Native memory allocation (mmap) failed to map 93323264 bytes. Error detail: G1 virtual space
# Possible reasons:
#   The system is out of physical RAM or swap space
#   This process is running with CompressedOops enabled, and the Java Heap may be blocking the growth of the native heap
# Possible solutions:
#   Reduce memory load on the system
#   Increase physical memory or swap space
#   Check if swap backing store is full
#   Decrease Java heap size (-Xmx/-Xms)
#   Decrease number of Java threads
#   Decrease Java thread stack sizes (-Xss)
#   Set larger code cache with -XX:ReservedCodeCacheSize=
#   JVM is running with Unscaled Compressed Oops mode in which the Java heap is
#     placed in the first 4GB address space. The Java Heap base address is the
#     maximum limit for the native heap growth. Please use -XX:HeapBaseMinAddress
#     to set the Java Heap base and to place the Java Heap above 4GB virtual address.
# This output file may be truncated or incomplete.
#
#  Out of Memory Error (os_windows.cpp:3898), pid=20740, tid=16740
#
# JRE version: OpenJDK Runtime Environment (21.0.7) (build 21.0.7+-13880790-b1038.58)
# Java VM: OpenJDK 64-Bit Server VM (21.0.7+-13880790-b1038.58, mixed mode, tiered, compressed oops, compressed class ptrs, g1 gc, windows-amd64)
# No core dump will be written. Minidumps are not enabled by default on client versions of Windows
#

---------------  S U M M A R Y ------------

Command Line: org.jetbrains.kotlin.cli.jvm.K2JVMCompiler @C:\Users\mathe\AndroidStudioProjects\ExameSUS\app\build\20260131_17392986596964372246.compiler.options

Host: Intel(R) Core(TM) i3-1005G1 CPU @ 1.20GHz, 4 cores, 7G,  Windows 11 , 64 bit Build 26100 (10.0.26100.7623)
Time: Sat Jan 31 19:15:20 2026 Hora oficial do Brasil elapsed time: 14.555607 seconds (0d 0h 0m 14s)

---------------  T H R E A D  ---------------

Current thread (0x0000025368f66130):  VMThread "VM Thread"          [id=16740, stack(0x000000fd06500000,0x000000fd06600000) (1024K)]

Stack: [0x000000fd06500000,0x000000fd06600000]
Native frames: (J=compiled Java code, j=interpreted, Vv=VM code, C=native code)
V  [jvm.dll+0x6d25c9]
V  [jvm.dll+0x860923]
V  [jvm.dll+0x862e7e]
V  [jvm.dll+0x863563]
V  [jvm.dll+0x27f156]
V  [jvm.dll+0x6ceee5]
V  [jvm.dll+0x6c29aa]
V  [jvm.dll+0x355ebb]
V  [jvm.dll+0x35db16]
V  [jvm.dll+0x3afb16]
V  [jvm.dll+0x3afde8]
V  [jvm.dll+0x32855c]
V  [jvm.dll+0x3285e7]
V  [jvm.dll+0x36e47c]
V  [jvm.dll+0x36cc2e]
V  [jvm.dll+0x327cb1]
V  [jvm.dll+0x36c330]
V  [jvm.dll+0x8692e8]
V  [jvm.dll+0x86a664]
V  [jvm.dll+0x86aba0]
V  [jvm.dll+0x86ae33]
V  [jvm.dll+0x808d08]
V  [jvm.dll+0x6d0e1d]
C  [ucrtbase.dll+0x37b0]
C  [KERNEL32.DLL+0x2e8d7]
C  [ntdll.dll+0x8c53c]

VM_Operation (0x000000fd05ef8f10): G1CollectForAllocation, mode: safepoint, requested by thread 0x000002534ff10fa0


---------------  P R O C E S S  ---------------

Threads class SMR info:
_java_thread_list=0x000002536e0d2a10, length=12, elements={
0x000002534ff10fa0, 0x00000253690e01a0, 0x00000253690f9d00, 0x00000253690fcef0,
0x0000025369106a70, 0x00000253691114e0, 0x000002536911aac0, 0x000002536911e9f0,
0x00000253691207c0, 0x0000025369124200, 0x000002536911b570, 0x0000025370d1ed70
}

Java Threads: ( => current thread )
  0x000002534ff10fa0 JavaThread "main"                              [_thread_blocked, id=15960, stack(0x000000fd05e00000,0x000000fd05f00000) (1024K)]
  0x00000253690e01a0 JavaThread "Common-Cleaner"             daemon [_thread_blocked, id=6552, stack(0x000000fd06600000,0x000000fd06700000) (1024K)]
  0x00000253690f9d00 JavaThread "Reference Handler"          daemon [_thread_blocked, id=10736, stack(0x000000fd06700000,0x000000fd06800000) (1024K)]
  0x00000253690fcef0 JavaThread "Finalizer"                  daemon [_thread_blocked, id=21008, stack(0x000000fd06800000,0x000000fd06900000) (1024K)]
  0x0000025369106a70 JavaThread "Signal Dispatcher"          daemon [_thread_blocked, id=20812, stack(0x000000fd06900000,0x000000fd06a00000) (1024K)]
  0x00000253691114e0 JavaThread "Attach Listener"            daemon [_thread_blocked, id=96, stack(0x000000fd06a00000,0x000000fd06b00000) (1024K)]
  0x000002536911aac0 JavaThread "Service Thread"             daemon [_thread_blocked, id=23516, stack(0x000000fd06b00000,0x000000fd06c00000) (1024K)]
  0x000002536911e9f0 JavaThread "Monitor Deflation Thread"   daemon [_thread_blocked, id=11880, stack(0x000000fd06c00000,0x000000fd06d00000) (1024K)]
  0x00000253691207c0 JavaThread "C2 CompilerThread0"         daemon [_thread_blocked, id=16856, stack(0x000000fd06d00000,0x000000fd06e00000) (1024K)]
  0x0000025369124200 JavaThread "C1 CompilerThread0"         daemon [_thread_blocked, id=23696, stack(0x000000fd06e00000,0x000000fd06f00000) (1024K)]
  0x000002536911b570 JavaThread "Notification Thread"        daemon [_thread_blocked, id=23680, stack(0x000000fd06f00000,0x000000fd07000000) (1024K)]
  0x0000025370d1ed70 JavaThread "C2 CompilerThread1"         daemon [_thread_blocked, id=18036, stack(0x000000fd07300000,0x000000fd07400000) (1024K)]
Total: 12

Other Threads:
=>0x0000025368f66130 VMThread "VM Thread"                           [id=16740, stack(0x000000fd06500000,0x000000fd06600000) (1024K)]
  0x0000025368ecf100 WatcherThread "VM Periodic Task Thread"        [id=24256, stack(0x000000fd06400000,0x000000fd06500000) (1024K)]
  0x000002535226ceb0 WorkerThread "GC Thread#0"                     [id=10276, stack(0x000000fd05f00000,0x000000fd06000000) (1024K)]
  0x0000025369810e00 WorkerThread "GC Thread#1"                     [id=2840, stack(0x000000fd07000000,0x000000fd07100000) (1024K)]
  0x0000025369826b40 WorkerThread "GC Thread#2"                     [id=24560, stack(0x000000fd07100000,0x000000fd07200000) (1024K)]
  0x0000025369826ee0 WorkerThread "GC Thread#3"                     [id=16836, stack(0x000000fd07200000,0x000000fd07300000) (1024K)]
  0x000002535227dea0 ConcurrentGCThread "G1 Main Marker"            [id=20936, stack(0x000000fd06000000,0x000000fd06100000) (1024K)]
  0x000002535227e9a0 WorkerThread "G1 Conc#0"                       [id=19664, stack(0x000000fd06100000,0x000000fd06200000) (1024K)]
  0x00000253522deb90 ConcurrentGCThread "G1 Refine#0"               [id=19552, stack(0x000000fd06200000,0x000000fd06300000) (1024K)]
  0x0000025368da0780 ConcurrentGCThread "G1 Service"                [id=9612, stack(0x000000fd06300000,0x000000fd06400000) (1024K)]
Total: 10

Threads with active compile tasks:
C2 CompilerThread0  14595 6261       4       org.jetbrains.kotlin.fir.types.ConeTypeContext::asFlexibleType (53 bytes)
C1 CompilerThread0  14595 6258       3       org.jetbrains.kotlin.fir.resolve.inference.ConstraintSystemCompleterKt::processCandidatesAndPostponedAtomsInOrderImpl$process (151 bytes)
Total: 2

VM state: at safepoint (normal execution)

VM Mutex/Monitor currently owned by a thread:  ([mutex/lock_event])
[0x00007ffa30041468] Threads_lock - owner thread: 0x0000025368f66130
[0x00007ffa30041568] Heap_lock - owner thread: 0x000002534ff10fa0

Heap address: 0x0000000084000000, size: 1984 MB, Compressed Oops mode: 32-bit

CDS archive(s) not mapped
Compressed class space mapped at: 0x0000000100000000-0x0000000140000000, reserved size: 1073741824
Narrow klass base: 0x0000000000000000, Narrow klass shift: 3, Narrow klass range: 0x140000000

GC Precious Log:
 CardTable entry size: 512
 Card Set container configuration: InlinePtr #cards 5 size 8 Array Of Cards #cards 12 size 40 Howl #buckets 4 coarsen threshold 1843 Howl Bitmap #cards 512 size 80 coarsen threshold 460 Card regions per heap region 1 cards per card region 2048
 CPUs: 4 total, 4 available
 Memory: 7931M
 Large Page Support: Disabled
 NUMA Support: Disabled
 Compressed Oops: Enabled (32-bit)
 Heap Region Size: 1M
 Heap Min Capacity: 8M
 Heap Initial Capacity: 124M
 Heap Max Capacity: 1984M
 Pre-touch: Disabled
 Parallel Workers: 4
 Concurrent Workers: 1
 Concurrent Refinement Workers: 4
 Periodic GC: Disabled

Heap:
 garbage-first heap   total 143360K, used 96954K [0x0000000084000000, 0x0000000100000000)
  region size 1024K, 5 young (5120K), 5 survivors (5120K)
 Metaspace       used 56462K, committed 56704K, reserved 1114112K
  class space    used 6422K, committed 6528K, reserved 1048576K

Heap Regions: E=young(eden), S=young(survivor), O=old, HS=humongous(starts), HC=humongous(continues), CS=collection set, F=free, TAMS=top-at-mark-start, PB=parsable bottom
|   0|0x0000000084000000, 0x0000000084100000, 0x0000000084100000|100%|HS|  |TAMS 0x0000000084000000| PB 0x0000000084000000| Complete 
|   1|0x0000000084100000, 0x0000000084200000, 0x0000000084200000|100%|HC|  |TAMS 0x0000000084100000| PB 0x0000000084100000| Complete 
|   2|0x0000000084200000, 0x0000000084300000, 0x0000000084300000|100%|HC|  |TAMS 0x0000000084200000| PB 0x0000000084200000| Complete 
|   3|0x0000000084300000, 0x0000000084400000, 0x0000000084400000|100%| O|  |TAMS 0x0000000084300000| PB 0x0000000084300000| Untracked 
|   4|0x0000000084400000, 0x0000000084500000, 0x0000000084500000|100%| O|  |TAMS 0x0000000084400000| PB 0x0000000084400000| Untracked 
|   5|0x0000000084500000, 0x0000000084600000, 0x0000000084600000|100%| O|  |TAMS 0x0000000084500000| PB 0x0000000084500000| Untracked 
|   6|0x0000000084600000, 0x0000000084700000, 0x0000000084700000|100%| O|  |TAMS 0x0000000084600000| PB 0x0000000084600000| Untracked 
|   7|0x0000000084700000, 0x0000000084800000, 0x0000000084800000|100%| O|  |TAMS 0x0000000084700000| PB 0x0000000084700000| Untracked 
|   8|0x0000000084800000, 0x0000000084900000, 0x0000000084900000|100%| O|  |TAMS 0x0000000084800000| PB 0x0000000084800000| Untracked 
|   9|0x0000000084900000, 0x0000000084a00000, 0x0000000084a00000|100%| O|  |TAMS 0x0000000084900000| PB 0x0000000084900000| Untracked 
|  10|0x0000000084a00000, 0x0000000084b00000, 0x0000000084b00000|100%| O|  |TAMS 0x0000000084a00000| PB 0x0000000084a00000| Untracked 
|  11|0x0000000084b00000, 0x0000000084c00000, 0x0000000084c00000|100%| O|  |TAMS 0x0000000084b00000| PB 0x0000000084b00000| Untracked 
|  12|0x0000000084c00000, 0x0000000084d00000, 0x0000000084d00000|100%| O|  |TAMS 0x0000000084c00000| PB 0x0000000084c00000| Untracked 
|  13|0x0000000084d00000, 0x0000000084e00000, 0x0000000084e00000|100%| O|  |TAMS 0x0000000084d00000| PB 0x0000000084d00000| Untracked 
|  14|0x0000000084e00000, 0x0000000084f00000, 0x0000000084f00000|100%| O|  |TAMS 0x0000000084e00000| PB 0x0000000084e00000| Untracked 
|  15|0x0000000084f00000, 0x0000000085000000, 0x0000000085000000|100%| O|  |TAMS 0x0000000084f00000| PB 0x0000000084f00000| Untracked 
|  16|0x0000000085000000, 0x0000000085100000, 0x0000000085100000|100%| O|  |TAMS 0x0000000085000000| PB 0x0000000085000000| Untracked 
|  17|0x0000000085100000, 0x0000000085200000, 0x0000000085200000|100%| O|  |TAMS 0x0000000085100000| PB 0x0000000085100000| Untracked 
|  18|0x0000000085200000, 0x0000000085300000, 0x0000000085300000|100%| O|  |TAMS 0x0000000085200000| PB 0x0000000085200000| Untracked 
|  19|0x0000000085300000, 0x0000000085400000, 0x0000000085400000|100%| O|  |TAMS 0x0000000085300000| PB 0x0000000085300000| Untracked 
|  20|0x0000000085400000, 0x0000000085500000, 0x0000000085500000|100%| O|  |TAMS 0x0000000085400000| PB 0x0000000085400000| Untracked 
|  21|0x0000000085500000, 0x0000000085600000, 0x0000000085600000|100%| O|  |TAMS 0x0000000085500000| PB 0x0000000085500000| Untracked 
|  22|0x0000000085600000, 0x0000000085700000, 0x0000000085700000|100%| O|  |TAMS 0x0000000085600000| PB 0x0000000085600000| Untracked 
|  23|0x0000000085700000, 0x0000000085800000, 0x0000000085800000|100%| O|  |TAMS 0x0000000085700000| PB 0x0000000085700000| Untracked 
|  24|0x0000000085800000, 0x0000000085900000, 0x0000000085900000|100%| O|  |TAMS 0x0000000085800000| PB 0x0000000085800000| Untracked 
|  25|0x0000000085900000, 0x0000000085a00000, 0x0000000085a00000|100%| O|  |TAMS 0x0000000085900000| PB 0x0000000085900000| Untracked 
|  26|0x0000000085a00000, 0x0000000085b00000, 0x0000000085b00000|100%| O|  |TAMS 0x0000000085a00000| PB 0x0000000085a00000| Untracked 
|  27|0x0000000085b00000, 0x0000000085c00000, 0x0000000085c00000|100%| O|  |TAMS 0x0000000085b00000| PB 0x0000000085b00000| Untracked 
|  28|0x0000000085c00000, 0x0000000085d00000, 0x0000000085d00000|100%| O|  |TAMS 0x0000000085c00000| PB 0x0000000085c00000| Untracked 
|  29|0x0000000085d00000, 0x0000000085e00000, 0x0000000085e00000|100%| O|  |TAMS 0x0000000085d00000| PB 0x0000000085d00000| Untracked 
|  30|0x0000000085e00000, 0x0000000085f00000, 0x0000000085f00000|100%| O|  |TAMS 0x0000000085e00000| PB 0x0000000085e00000| Untracked 
|  31|0x0000000085f00000, 0x0000000086000000, 0x0000000086000000|100%| O|  |TAMS 0x0000000085f00000| PB 0x0000000085f00000| Untracked 
|  32|0x0000000086000000, 0x0000000086100000, 0x0000000086100000|100%|HS|  |TAMS 0x0000000086000000| PB 0x0000000086000000| Complete 
|  33|0x0000000086100000, 0x0000000086200000, 0x0000000086200000|100%| O|  |TAMS 0x0000000086100000| PB 0x0000000086100000| Untracked 
|  34|0x0000000086200000, 0x0000000086300000, 0x0000000086300000|100%| O|  |TAMS 0x0000000086200000| PB 0x0000000086200000| Untracked 
|  35|0x0000000086300000, 0x0000000086400000, 0x0000000086400000|100%| O|  |TAMS 0x0000000086300000| PB 0x0000000086300000| Untracked 
|  36|0x0000000086400000, 0x0000000086500000, 0x0000000086500000|100%| O|  |TAMS 0x0000000086400000| PB 0x0000000086400000| Untracked 
|  37|0x0000000086500000, 0x0000000086600000, 0x0000000086600000|100%| O|  |TAMS 0x0000000086500000| PB 0x0000000086500000| Untracked 
|  38|0x0000000086600000, 0x0000000086700000, 0x0000000086700000|100%| O|  |TAMS 0x0000000086600000| PB 0x0000000086600000| Untracked 
|  39|0x0000000086700000, 0x0000000086800000, 0x0000000086800000|100%| O|  |TAMS 0x0000000086700000| PB 0x0000000086700000| Untracked 
|  40|0x0000000086800000, 0x0000000086900000, 0x0000000086900000|100%| O|  |TAMS 0x0000000086800000| PB 0x0000000086800000| Untracked 
|  41|0x0000000086900000, 0x0000000086a00000, 0x0000000086a00000|100%| O|  |TAMS 0x0000000086900000| PB 0x0000000086900000| Untracked 
|  42|0x0000000086a00000, 0x0000000086b00000, 0x0000000086b00000|100%| O|  |TAMS 0x0000000086a00000| PB 0x0000000086a00000| Untracked 
|  43|0x0000000086b00000, 0x0000000086c00000, 0x0000000086c00000|100%| O|  |TAMS 0x0000000086b00000| PB 0x0000000086b00000| Untracked 
|  44|0x0000000086c00000, 0x0000000086d00000, 0x0000000086d00000|100%| O|  |TAMS 0x0000000086c00000| PB 0x0000000086c00000| Untracked 
|  45|0x0000000086d00000, 0x0000000086e00000, 0x0000000086e00000|100%| O|  |TAMS 0x0000000086d00000| PB 0x0000000086d00000| Untracked 
|  46|0x0000000086e00000, 0x0000000086f00000, 0x0000000086f00000|100%| O|  |TAMS 0x0000000086e00000| PB 0x0000000086e00000| Untracked 
|  47|0x0000000086f00000, 0x0000000087000000, 0x0000000087000000|100%| O|  |TAMS 0x0000000086f00000| PB 0x0000000086f00000| Untracked 
|  48|0x0000000087000000, 0x0000000087100000, 0x0000000087100000|100%| O|  |TAMS 0x0000000087000000| PB 0x0000000087000000| Untracked 
|  49|0x0000000087100000, 0x0000000087200000, 0x0000000087200000|100%| O|  |TAMS 0x0000000087100000| PB 0x0000000087100000| Untracked 
|  50|0x0000000087200000, 0x0000000087300000, 0x0000000087300000|100%| O|  |TAMS 0x0000000087200000| PB 0x0000000087200000| Untracked 
|  51|0x0000000087300000, 0x0000000087300000, 0x0000000087400000|  0%| F|  |TAMS 0x0000000087300000| PB 0x0000000087300000| Untracked 
|  52|0x0000000087400000, 0x0000000087500000, 0x0000000087500000|100%| O|  |TAMS 0x0000000087400000| PB 0x0000000087400000| Untracked 
|  53|0x0000000087500000, 0x0000000087600000, 0x0000000087600000|100%| O|  |TAMS 0x0000000087500000| PB 0x0000000087500000| Untracked 
|  54|0x0000000087600000, 0x0000000087700000, 0x0000000087700000|100%| O|  |TAMS 0x0000000087600000| PB 0x0000000087600000| Untracked 
|  55|0x0000000087700000, 0x0000000087800000, 0x0000000087800000|100%| O|  |TAMS 0x0000000087700000| PB 0x0000000087700000| Untracked 
|  56|0x0000000087800000, 0x0000000087900000, 0x0000000087900000|100%| O|  |TAMS 0x0000000087800000| PB 0x0000000087800000| Untracked 
|  57|0x0000000087900000, 0x0000000087a00000, 0x0000000087a00000|100%| O|  |TAMS 0x0000000087900000| PB 0x0000000087900000| Untracked 
|  58|0x0000000087a00000, 0x0000000087b00000, 0x0000000087b00000|100%| O|  |TAMS 0x0000000087a00000| PB 0x0000000087a00000| Untracked 
|  59|0x0000000087b00000, 0x0000000087c00000, 0x0000000087c00000|100%| O|  |TAMS 0x0000000087b00000| PB 0x0000000087b00000| Untracked 
|  60|0x0000000087c00000, 0x0000000087d00000, 0x0000000087d00000|100%| O|  |TAMS 0x0000000087c00000| PB 0x0000000087c00000| Untracked 
|  61|0x0000000087d00000, 0x0000000087e00000, 0x0000000087e00000|100%| O|  |TAMS 0x0000000087d00000| PB 0x0000000087d00000| Untracked 
|  62|0x0000000087e00000, 0x0000000087f00000, 0x0000000087f00000|100%| O|  |TAMS 0x0000000087e00000| PB 0x0000000087e00000| Untracked 
|  63|0x0000000087f00000, 0x0000000087f00000, 0x0000000088000000|  0%| F|  |TAMS 0x0000000087f00000| PB 0x0000000087f00000| Untracked 
|  64|0x0000000088000000, 0x0000000088100000, 0x0000000088100000|100%| O|  |TAMS 0x0000000088000000| PB 0x0000000088000000| Untracked 
|  65|0x0000000088100000, 0x0000000088200000, 0x0000000088200000|100%| O|  |TAMS 0x0000000088100000| PB 0x0000000088100000| Untracked 
|  66|0x0000000088200000, 0x0000000088300000, 0x0000000088300000|100%| O|  |TAMS 0x0000000088200000| PB 0x0000000088200000| Untracked 
|  67|0x0000000088300000, 0x0000000088400000, 0x0000000088400000|100%| O|  |TAMS 0x0000000088300000| PB 0x0000000088300000| Untracked 
|  68|0x0000000088400000, 0x0000000088500000, 0x0000000088500000|100%| O|  |TAMS 0x0000000088400000| PB 0x0000000088400000| Untracked 
|  69|0x0000000088500000, 0x0000000088600000, 0x0000000088600000|100%| O|  |TAMS 0x0000000088500000| PB 0x0000000088500000| Untracked 
|  70|0x0000000088600000, 0x0000000088700000, 0x0000000088700000|100%| O|  |TAMS 0x0000000088600000| PB 0x0000000088600000| Untracked 
|  71|0x0000000088700000, 0x0000000088800000, 0x0000000088800000|100%| O|  |TAMS 0x0000000088700000| PB 0x0000000088700000| Untracked 
|  72|0x0000000088800000, 0x0000000088900000, 0x0000000088900000|100%| O|  |TAMS 0x0000000088800000| PB 0x0000000088800000| Untracked 
|  73|0x0000000088900000, 0x0000000088a00000, 0x0000000088a00000|100%| O|  |TAMS 0x0000000088900000| PB 0x0000000088900000| Untracked 
|  74|0x0000000088a00000, 0x0000000088b00000, 0x0000000088b00000|100%| O|  |TAMS 0x0000000088a00000| PB 0x0000000088a00000| Untracked 
|  75|0x0000000088b00000, 0x0000000088c00000, 0x0000000088c00000|100%| O|  |TAMS 0x0000000088b00000| PB 0x0000000088b00000| Untracked 
|  76|0x0000000088c00000, 0x0000000088d00000, 0x0000000088d00000|100%| O|  |TAMS 0x0000000088c00000| PB 0x0000000088c00000| Untracked 
|  77|0x0000000088d00000, 0x0000000088e00000, 0x0000000088e00000|100%| O|  |TAMS 0x0000000088d00000| PB 0x0000000088d00000| Untracked 
|  78|0x0000000088e00000, 0x0000000088f00000, 0x0000000088f00000|100%| O|  |TAMS 0x0000000088e00000| PB 0x0000000088e00000| Untracked 
|  79|0x0000000088f00000, 0x0000000089000000, 0x0000000089000000|100%| O|  |TAMS 0x0000000088f00000| PB 0x0000000088f00000| Untracked 
|  80|0x0000000089000000, 0x0000000089100000, 0x0000000089100000|100%| O|  |TAMS 0x0000000089000000| PB 0x0000000089000000| Untracked 
|  81|0x0000000089100000, 0x0000000089200000, 0x0000000089200000|100%| O|  |TAMS 0x0000000089100000| PB 0x0000000089100000| Untracked 
|  82|0x0000000089200000, 0x0000000089300000, 0x0000000089300000|100%| O|  |TAMS 0x0000000089200000| PB 0x0000000089200000| Untracked 
|  83|0x0000000089300000, 0x0000000089400000, 0x0000000089400000|100%| O|  |TAMS 0x0000000089300000| PB 0x0000000089300000| Untracked 
|  84|0x0000000089400000, 0x0000000089500000, 0x0000000089500000|100%| O|  |TAMS 0x0000000089400000| PB 0x0000000089400000| Untracked 
|  85|0x0000000089500000, 0x0000000089600000, 0x0000000089600000|100%| O|  |TAMS 0x0000000089500000| PB 0x0000000089500000| Untracked 
|  86|0x0000000089600000, 0x0000000089700000, 0x0000000089700000|100%| O|  |TAMS 0x0000000089600000| PB 0x0000000089600000| Untracked 
|  87|0x0000000089700000, 0x00000000897ae850, 0x0000000089800000| 68%| O|  |TAMS 0x0000000089700000| PB 0x0000000089700000| Untracked 
|  88|0x0000000089800000, 0x0000000089800000, 0x0000000089900000|  0%| F|  |TAMS 0x0000000089800000| PB 0x0000000089800000| Untracked 
|  89|0x0000000089900000, 0x0000000089900000, 0x0000000089a00000|  0%| F|  |TAMS 0x0000000089900000| PB 0x0000000089900000| Untracked 
|  90|0x0000000089a00000, 0x0000000089a00000, 0x0000000089b00000|  0%| F|  |TAMS 0x0000000089a00000| PB 0x0000000089a00000| Untracked 
|  91|0x0000000089b00000, 0x0000000089b00000, 0x0000000089c00000|  0%| F|  |TAMS 0x0000000089b00000| PB 0x0000000089b00000| Untracked 
|  92|0x0000000089c00000, 0x0000000089c00000, 0x0000000089d00000|  0%| F|  |TAMS 0x0000000089c00000| PB 0x0000000089c00000| Untracked 
|  93|0x0000000089d00000, 0x0000000089d00000, 0x0000000089e00000|  0%| F|  |TAMS 0x0000000089d00000| PB 0x0000000089d00000| Untracked 
|  94|0x0000000089e00000, 0x0000000089e00000, 0x0000000089f00000|  0%| F|  |TAMS 0x0000000089e00000| PB 0x0000000089e00000| Untracked 
|  95|0x0000000089f00000, 0x0000000089f00000, 0x000000008a000000|  0%| F|  |TAMS 0x0000000089f00000| PB 0x0000000089f00000| Untracked 
|  96|0x000000008a000000, 0x000000008a100000, 0x000000008a100000|100%| S|CS|TAMS 0x000000008a000000| PB 0x000000008a000000| Complete 
|  97|0x000000008a100000, 0x000000008a200000, 0x000000008a200000|100%| S|CS|TAMS 0x000000008a100000| PB 0x000000008a100000| Complete 
|  98|0x000000008a200000, 0x000000008a300000, 0x000000008a300000|100%| S|CS|TAMS 0x000000008a200000| PB 0x000000008a200000| Complete 
|  99|0x000000008a300000, 0x000000008a400000, 0x000000008a400000|100%| S|CS|TAMS 0x000000008a300000| PB 0x000000008a300000| Complete 
| 100|0x000000008a400000, 0x000000008a500000, 0x000000008a500000|100%| S|CS|TAMS 0x000000008a400000| PB 0x000000008a400000| Complete 
| 101|0x000000008a500000, 0x000000008a500000, 0x000000008a600000|  0%| F|  |TAMS 0x000000008a500000| PB 0x000000008a500000| Untracked 
| 102|0x000000008a600000, 0x000000008a600000, 0x000000008a700000|  0%| F|  |TAMS 0x000000008a600000| PB 0x000000008a600000| Untracked 
| 103|0x000000008a700000, 0x000000008a700000, 0x000000008a800000|  0%| F|  |TAMS 0x000000008a700000| PB 0x000000008a700000| Untracked 
| 104|0x000000008a800000, 0x000000008a800000, 0x000000008a900000|  0%| F|  |TAMS 0x000000008a800000| PB 0x000000008a800000| Untracked 
| 105|0x000000008a900000, 0x000000008a900000, 0x000000008aa00000|  0%| F|  |TAMS 0x000000008a900000| PB 0x000000008a900000| Untracked 
| 106|0x000000008aa00000, 0x000000008aa00000, 0x000000008ab00000|  0%| F|  |TAMS 0x000000008aa00000| PB 0x000000008aa00000| Untracked 
| 107|0x000000008ab00000, 0x000000008ab00000, 0x000000008ac00000|  0%| F|  |TAMS 0x000000008ab00000| PB 0x000000008ab00000| Untracked 
| 108|0x000000008ac00000, 0x000000008ac00000, 0x000000008ad00000|  0%| F|  |TAMS 0x000000008ac00000| PB 0x000000008ac00000| Untracked 
| 109|0x000000008ad00000, 0x000000008ad00000, 0x000000008ae00000|  0%| F|  |TAMS 0x000000008ad00000| PB 0x000000008ad00000| Untracked 
| 110|0x000000008ae00000, 0x000000008ae00000, 0x000000008af00000|  0%| F|  |TAMS 0x000000008ae00000| PB 0x000000008ae00000| Untracked 
| 111|0x000000008af00000, 0x000000008af00000, 0x000000008b000000|  0%| F|  |TAMS 0x000000008af00000| PB 0x000000008af00000| Untracked 
| 112|0x000000008b000000, 0x000000008b000000, 0x000000008b100000|  0%| F|  |TAMS 0x000000008b000000| PB 0x000000008b000000| Untracked 
| 113|0x000000008b100000, 0x000000008b100000, 0x000000008b200000|  0%| F|  |TAMS 0x000000008b100000| PB 0x000000008b100000| Untracked 
| 114|0x000000008b200000, 0x000000008b200000, 0x000000008b300000|  0%| F|  |TAMS 0x000000008b200000| PB 0x000000008b200000| Untracked 
| 115|0x000000008b300000, 0x000000008b300000, 0x000000008b400000|  0%| F|  |TAMS 0x000000008b300000| PB 0x000000008b300000| Untracked 
| 116|0x000000008b400000, 0x000000008b400000, 0x000000008b500000|  0%| F|  |TAMS 0x000000008b400000| PB 0x000000008b400000| Untracked 
| 117|0x000000008b500000, 0x000000008b500000, 0x000000008b600000|  0%| F|  |TAMS 0x000000008b500000| PB 0x000000008b500000| Untracked 
| 118|0x000000008b600000, 0x000000008b600000, 0x000000008b700000|  0%| F|  |TAMS 0x000000008b600000| PB 0x000000008b600000| Untracked 
| 119|0x000000008b700000, 0x000000008b700000, 0x000000008b800000|  0%| F|  |TAMS 0x000000008b700000| PB 0x000000008b700000| Untracked 
| 120|0x000000008b800000, 0x000000008b800000, 0x000000008b900000|  0%| F|  |TAMS 0x000000008b800000| PB 0x000000008b800000| Untracked 
| 121|0x000000008b900000, 0x000000008b900000, 0x000000008ba00000|  0%| F|  |TAMS 0x000000008b900000| PB 0x000000008b900000| Untracked 
| 122|0x000000008ba00000, 0x000000008ba00000, 0x000000008bb00000|  0%| F|  |TAMS 0x000000008ba00000| PB 0x000000008ba00000| Untracked 
| 123|0x000000008bb00000, 0x000000008bb00000, 0x000000008bc00000|  0%| F|  |TAMS 0x000000008bb00000| PB 0x000000008bb00000| Untracked 
| 124|0x000000008bc00000, 0x000000008bc00000, 0x000000008bd00000|  0%| F|  |TAMS 0x000000008bc00000| PB 0x000000008bc00000| Untracked 
| 125|0x000000008bd00000, 0x000000008bd00000, 0x000000008be00000|  0%| F|  |TAMS 0x000000008bd00000| PB 0x000000008bd00000| Untracked 
| 126|0x000000008be00000, 0x000000008be00000, 0x000000008bf00000|  0%| F|  |TAMS 0x000000008be00000| PB 0x000000008be00000| Untracked 
| 127|0x000000008bf00000, 0x000000008bf00000, 0x000000008c000000|  0%| F|  |TAMS 0x000000008bf00000| PB 0x000000008bf00000| Untracked 
| 128|0x000000008c000000, 0x000000008c000000, 0x000000008c100000|  0%| F|  |TAMS 0x000000008c000000| PB 0x000000008c000000| Untracked 
| 129|0x000000008c100000, 0x000000008c100000, 0x000000008c200000|  0%| F|  |TAMS 0x000000008c100000| PB 0x000000008c100000| Untracked 
| 130|0x000000008c200000, 0x000000008c200000, 0x000000008c300000|  0%| F|  |TAMS 0x000000008c200000| PB 0x000000008c200000| Untracked 
| 131|0x000000008c300000, 0x000000008c300000, 0x000000008c400000|  0%| F|  |TAMS 0x000000008c300000| PB 0x000000008c300000| Untracked 
| 132|0x000000008c400000, 0x000000008c400000, 0x000000008c500000|  0%| F|  |TAMS 0x000000008c400000| PB 0x000000008c400000| Untracked 
| 133|0x000000008c500000, 0x000000008c500000, 0x000000008c600000|  0%| F|  |TAMS 0x000000008c500000| PB 0x000000008c500000| Untracked 
| 134|0x000000008c600000, 0x000000008c600000, 0x000000008c700000|  0%| F|  |TAMS 0x000000008c600000| PB 0x000000008c600000| Untracked 
|1979|0x00000000ffb00000, 0x00000000ffb00000, 0x00000000ffc00000|  0%| F|  |TAMS 0x00000000ffb00000| PB 0x00000000ffb00000| Untracked 
|1980|0x00000000ffc00000, 0x00000000ffd00000, 0x00000000ffd00000|100%| O|  |TAMS 0x00000000ffc00000| PB 0x00000000ffc00000| Untracked 
|1981|0x00000000ffd00000, 0x00000000ffe00000, 0x00000000ffe00000|100%| O|  |TAMS 0x00000000ffd00000| PB 0x00000000ffd00000| Untracked 
|1982|0x00000000ffe00000, 0x00000000fff00000, 0x00000000fff00000|100%| O|  |TAMS 0x00000000ffe00000| PB 0x00000000ffe00000| Untracked 
|1983|0x00000000fff00000, 0x0000000100000000, 0x0000000100000000|100%| O|  |TAMS 0x00000000fff00000| PB 0x00000000fff00000| Untracked 

Card table byte_map: [0x0000025364750000,0x0000025364b30000] _byte_map_base: 0x0000025364330000

Marking Bits: (CMBitMap*) 0x000002535226d5b0
 Bits: [0x0000025364b30000, 0x0000025366a30000)

Polling page: 0x00000253501a0000

Metaspace:

Usage:
  Non-class:     48.87 MB used.
      Class:      6.27 MB used.
       Both:     55.14 MB used.

Virtual space:
  Non-class space:       64.00 MB reserved,      49.00 MB ( 77%) committed,  1 nodes.
      Class space:        1.00 GB reserved,       6.38 MB ( <1%) committed,  1 nodes.
             Both:        1.06 GB reserved,      55.38 MB (  5%) committed. 

Chunk freelists:
   Non-Class:  14.94 MB
       Class:  9.59 MB
        Both:  24.53 MB

MaxMetaspaceSize: unlimited
CompressedClassSpaceSize: 1.00 GB
Initial GC threshold: 21.00 MB
Current GC threshold: 91.38 MB
CDS: off
 - commit_granule_bytes: 65536.
 - commit_granule_words: 8192.
 - virtual_space_node_default_size: 8388608.
 - enlarge_chunks_in_place: 1.
 - use_allocation_guard: 0.


Internal statistics:

num_allocs_failed_limit: 6.
num_arena_births: 254.
num_arena_deaths: 0.
num_vsnodes_births: 2.
num_vsnodes_deaths: 0.
num_space_committed: 884.
num_space_uncommitted: 0.
num_chunks_returned_to_freelist: 6.
num_chunks_taken_from_freelist: 1914.
num_chunk_merges: 6.
num_chunk_splits: 1600.
num_chunks_enlarged: 1457.
num_inconsistent_stats: 0.

CodeHeap 'non-profiled nmethods': size=120000Kb used=3396Kb max_used=3396Kb free=116603Kb
 bounds [0x000002535ce40000, 0x000002535d1a0000, 0x0000025364370000]
CodeHeap 'profiled nmethods': size=120000Kb used=13803Kb max_used=13803Kb free=106196Kb
 bounds [0x0000025355370000, 0x00000253560f0000, 0x000002535c8a0000]
CodeHeap 'non-nmethods': size=5760Kb used=1801Kb max_used=1863Kb free=3958Kb
 bounds [0x000002535c8a0000, 0x000002535cb10000, 0x000002535ce40000]
 total_blobs=6118 nmethods=5445 adapters=576
 compilation: enabled
              stopped_count=0, restarted_count=0
 full_count=0

Compilation events (20 events):
Event: 14.438 Thread 0x0000025369124200 6248       3       org.jetbrains.kotlin.fir.types.ConeTypeUtilsKt::upperBoundIfFlexible (48 bytes)
Event: 14.439 Thread 0x00000253691207c0 nmethod 6247 0x000002535d183e10 code [0x000002535d183fa0, 0x000002535d184090]
Event: 14.439 Thread 0x0000025369124200 nmethod 6248 0x00000253560e4090 code [0x00000253560e4300, 0x00000253560e4d90]
Event: 14.439 Thread 0x0000025369124200 6245       1       org.jetbrains.kotlin.resolve.calls.inference.components.ConstraintContext::component4 (5 bytes)
Event: 14.439 Thread 0x0000025369124200 nmethod 6245 0x000002535d184190 code [0x000002535d184320, 0x000002535d1843f0]
Event: 14.439 Thread 0x0000025369124200 6249       3       org.jetbrains.kotlin.fir.resolve.calls.tower.TowerGroup::equals (115 bytes)
Event: 14.439 Thread 0x00000253691207c0 6252       4       kotlin.collections.builders.ListBuilder$Itr::hasNext (20 bytes)
Event: 14.440 Thread 0x0000025369124200 nmethod 6249 0x00000253560e5090 code [0x00000253560e5360, 0x00000253560e6338]
Event: 14.440 Thread 0x0000025369124200 6250       3       org.jetbrains.kotlin.resolve.calls.inference.components.VariableFixationFinder::isProperArgumentConstraint (41 bytes)
Event: 14.440 Thread 0x00000253691207c0 nmethod 6252 0x000002535d184490 code [0x000002535d184620, 0x000002535d1846d0]
Event: 14.440 Thread 0x0000025369124200 nmethod 6250 0x00000253560e6710 code [0x00000253560e68e0, 0x00000253560e6c50]
Event: 14.440 Thread 0x0000025369124200 6251       3       org.jetbrains.kotlin.resolve.calls.inference.components.VariableFixationFinder::isProperType (190 bytes)
Event: 14.440 Thread 0x00000253691207c0 6257       4       org.jetbrains.kotlin.fir.types.builder.FirResolvedTypeRefBuilder::<init> (19 bytes)
Event: 14.441 Thread 0x0000025370d1ed70 nmethod 5979 0x000002535d184790 code [0x000002535d184fc0, 0x000002535d18bec8]
Event: 14.444 Thread 0x0000025369124200 nmethod 6251 0x00000253560e6d90 code [0x00000253560e72e0, 0x00000253560e9c38]
Event: 14.444 Thread 0x0000025369124200 6260       3       org.jetbrains.kotlin.fir.types.ConeTypeUtilsKt::getClassId (41 bytes)
Event: 14.444 Thread 0x00000253691207c0 nmethod 6257 0x000002535d190c90 code [0x000002535d190e20, 0x000002535d190fe0]
Event: 14.444 Thread 0x00000253691207c0 6261       4       org.jetbrains.kotlin.fir.types.ConeTypeContext::asFlexibleType (53 bytes)
Event: 14.444 Thread 0x0000025369124200 nmethod 6260 0x00000253560eaa90 code [0x00000253560ead00, 0x00000253560eb670]
Event: 14.444 Thread 0x0000025369124200 6258       3       org.jetbrains.kotlin.fir.resolve.inference.ConstraintSystemCompleterKt::processCandidatesAndPostponedAtomsInOrderImpl$process (151 bytes)

GC Heap History (20 events):
Event: 10.793 GC heap after
{Heap after GC invocations=15 (full 0):
 garbage-first heap   total 73728K, used 47616K [0x0000000084000000, 0x0000000100000000)
  region size 1024K, 3 young (3072K), 3 survivors (3072K)
 Metaspace       used 50444K, committed 50688K, reserved 1114112K
  class space    used 5778K, committed 5888K, reserved 1048576K
}
Event: 10.847 GC heap before
{Heap before GC invocations=15 (full 0):
 garbage-first heap   total 73728K, used 60928K [0x0000000084000000, 0x0000000100000000)
  region size 1024K, 17 young (17408K), 3 survivors (3072K)
 Metaspace       used 50468K, committed 50752K, reserved 1114112K
  class space    used 5781K, committed 5888K, reserved 1048576K
}
Event: 10.857 GC heap after
{Heap after GC invocations=16 (full 0):
 garbage-first heap   total 73728K, used 53248K [0x0000000084000000, 0x0000000100000000)
  region size 1024K, 3 young (3072K), 3 survivors (3072K)
 Metaspace       used 50468K, committed 50752K, reserved 1114112K
  class space    used 5781K, committed 5888K, reserved 1048576K
}
Event: 11.168 GC heap before
{Heap before GC invocations=17 (full 0):
 garbage-first heap   total 89088K, used 64512K [0x0000000084000000, 0x0000000100000000)
  region size 1024K, 14 young (14336K), 3 survivors (3072K)
 Metaspace       used 50498K, committed 50752K, reserved 1114112K
  class space    used 5783K, committed 5888K, reserved 1048576K
}
Event: 11.176 GC heap after
{Heap after GC invocations=18 (full 0):
 garbage-first heap   total 89088K, used 56832K [0x0000000084000000, 0x0000000100000000)
  region size 1024K, 2 young (2048K), 2 survivors (2048K)
 Metaspace       used 50498K, committed 50752K, reserved 1114112K
  class space    used 5783K, committed 5888K, reserved 1048576K
}
Event: 11.679 GC heap before
{Heap before GC invocations=18 (full 0):
 garbage-first heap   total 89088K, used 73216K [0x0000000084000000, 0x0000000100000000)
  region size 1024K, 19 young (19456K), 2 survivors (2048K)
 Metaspace       used 52760K, committed 52992K, reserved 1114112K
  class space    used 6035K, committed 6144K, reserved 1048576K
}
Event: 11.687 GC heap after
{Heap after GC invocations=19 (full 0):
 garbage-first heap   total 89088K, used 59275K [0x0000000084000000, 0x0000000100000000)
  region size 1024K, 3 young (3072K), 3 survivors (3072K)
 Metaspace       used 52760K, committed 52992K, reserved 1114112K
  class space    used 6035K, committed 6144K, reserved 1048576K
}
Event: 12.202 GC heap before
{Heap before GC invocations=19 (full 0):
 garbage-first heap   total 89088K, used 74635K [0x0000000084000000, 0x0000000100000000)
  region size 1024K, 19 young (19456K), 3 survivors (3072K)
 Metaspace       used 55123K, committed 55296K, reserved 1114112K
  class space    used 6325K, committed 6400K, reserved 1048576K
}
Event: 12.211 GC heap after
{Heap after GC invocations=20 (full 0):
 garbage-first heap   total 118784K, used 61780K [0x0000000084000000, 0x0000000100000000)
  region size 1024K, 3 young (3072K), 3 survivors (3072K)
 Metaspace       used 55123K, committed 55296K, reserved 1114112K
  class space    used 6325K, committed 6400K, reserved 1048576K
}
Event: 13.108 GC heap before
{Heap before GC invocations=21 (full 0):
 garbage-first heap   total 118784K, used 94548K [0x0000000084000000, 0x0000000100000000)
  region size 1024K, 35 young (35840K), 3 survivors (3072K)
 Metaspace       used 55870K, committed 56128K, reserved 1114112K
  class space    used 6385K, committed 6464K, reserved 1048576K
}
Event: 13.123 GC heap after
{Heap after GC invocations=22 (full 0):
 garbage-first heap   total 118784K, used 67584K [0x0000000084000000, 0x0000000100000000)
  region size 1024K, 5 young (5120K), 5 survivors (5120K)
 Metaspace       used 55870K, committed 56128K, reserved 1114112K
  class space    used 6385K, committed 6464K, reserved 1048576K
}
Event: 13.282 GC heap before
{Heap before GC invocations=22 (full 0):
 garbage-first heap   total 118784K, used 98304K [0x0000000084000000, 0x0000000100000000)
  region size 1024K, 35 young (35840K), 5 survivors (5120K)
 Metaspace       used 55870K, committed 56128K, reserved 1114112K
  class space    used 6385K, committed 6464K, reserved 1048576K
}
Event: 13.296 GC heap after
{Heap after GC invocations=23 (full 0):
 garbage-first heap   total 118784K, used 73728K [0x0000000084000000, 0x0000000100000000)
  region size 1024K, 5 young (5120K), 5 survivors (5120K)
 Metaspace       used 55870K, committed 56128K, reserved 1114112K
  class space    used 6385K, committed 6464K, reserved 1048576K
}
Event: 13.377 GC heap before
{Heap before GC invocations=23 (full 0):
 garbage-first heap   total 118784K, used 101376K [0x0000000084000000, 0x0000000100000000)
  region size 1024K, 32 young (32768K), 5 survivors (5120K)
 Metaspace       used 55870K, committed 56128K, reserved 1114112K
  class space    used 6385K, committed 6464K, reserved 1048576K
}
Event: 13.385 GC heap after
{Heap after GC invocations=24 (full 0):
 garbage-first heap   total 118784K, used 79872K [0x0000000084000000, 0x0000000100000000)
  region size 1024K, 4 young (4096K), 4 survivors (4096K)
 Metaspace       used 55870K, committed 56128K, reserved 1114112K
  class space    used 6385K, committed 6464K, reserved 1048576K
}
Event: 13.473 GC heap before
{Heap before GC invocations=24 (full 0):
 garbage-first heap   total 118784K, used 104448K [0x0000000084000000, 0x0000000100000000)
  region size 1024K, 28 young (28672K), 4 survivors (4096K)
 Metaspace       used 55870K, committed 56128K, reserved 1114112K
  class space    used 6385K, committed 6464K, reserved 1048576K
}
Event: 13.480 GC heap after
{Heap after GC invocations=25 (full 0):
 garbage-first heap   total 118784K, used 85504K [0x0000000084000000, 0x0000000100000000)
  region size 1024K, 4 young (4096K), 4 survivors (4096K)
 Metaspace       used 55870K, committed 56128K, reserved 1114112K
  class space    used 6385K, committed 6464K, reserved 1048576K
}
Event: 13.741 GC heap before
{Heap before GC invocations=26 (full 0):
 garbage-first heap   total 143360K, used 105984K [0x0000000084000000, 0x0000000100000000)
  region size 1024K, 24 young (24576K), 4 survivors (4096K)
 Metaspace       used 55870K, committed 56128K, reserved 1114112K
  class space    used 6385K, committed 6464K, reserved 1048576K
}
Event: 13.746 GC heap after
{Heap after GC invocations=27 (full 0):
 garbage-first heap   total 143360K, used 90468K [0x0000000084000000, 0x0000000100000000)
  region size 1024K, 3 young (3072K), 3 survivors (3072K)
 Metaspace       used 55870K, committed 56128K, reserved 1114112K
  class space    used 6385K, committed 6464K, reserved 1048576K
}
Event: 14.445 GC heap before
{Heap before GC invocations=27 (full 0):
 garbage-first heap   total 143360K, used 123236K [0x0000000084000000, 0x0000000100000000)
  region size 1024K, 35 young (35840K), 3 survivors (3072K)
 Metaspace       used 56462K, committed 56704K, reserved 1114112K
  class space    used 6422K, committed 6528K, reserved 1048576K
}

Dll operation events (3 events):
Event: 0.012 Loaded shared library C:\Program Files\Android\Android Studio\jbr\bin\java.dll
Event: 0.020 Loaded shared library C:\Program Files\Android\Android Studio\jbr\bin\zip.dll
Event: 2.917 Loaded shared library C:\Program Files\Android\Android Studio\jbr\bin\verify.dll

Deoptimization events (20 events):
Event: 13.322 Thread 0x000002534ff10fa0 DEOPT PACKING pc=0x0000025355645222 sp=0x000000fd05ef8440
Event: 13.322 Thread 0x000002534ff10fa0 DEOPT UNPACKING pc=0x000002535c8f88e2 sp=0x000000fd05ef78d8 mode 0
Event: 13.343 Thread 0x000002534ff10fa0 DEOPT PACKING pc=0x0000025355645222 sp=0x000000fd05ef8440
Event: 13.343 Thread 0x000002534ff10fa0 DEOPT UNPACKING pc=0x000002535c8f88e2 sp=0x000000fd05ef78d8 mode 0
Event: 13.358 Thread 0x000002534ff10fa0 DEOPT PACKING pc=0x0000025355645222 sp=0x000000fd05ef8440
Event: 13.358 Thread 0x000002534ff10fa0 DEOPT UNPACKING pc=0x000002535c8f88e2 sp=0x000000fd05ef78d8 mode 0
Event: 13.386 Thread 0x000002534ff10fa0 DEOPT PACKING pc=0x0000025355645222 sp=0x000000fd05ef8440
Event: 13.386 Thread 0x000002534ff10fa0 DEOPT UNPACKING pc=0x000002535c8f88e2 sp=0x000000fd05ef78d8 mode 0
Event: 13.402 Thread 0x000002534ff10fa0 Uncommon trap: trap_request=0xffffff54 fr.pc=0x000002535d133648 relative=0x0000000000000268
Event: 13.402 Thread 0x000002534ff10fa0 Uncommon trap: reason=speculate_null_assert action=make_not_entrant pc=0x000002535d133648 method=org.jetbrains.kotlin.com.intellij.openapi.vfs.VfsUtilCore.isAncestor(Lorg/jetbrains/kotlin/com/intellij/openapi/vfs/VirtualFile;Lorg/jetbrains/kotlin/com/inte
Event: 13.402 Thread 0x000002534ff10fa0 DEOPT PACKING pc=0x000002535d133648 sp=0x000000fd05ef8440
Event: 13.402 Thread 0x000002534ff10fa0 DEOPT UNPACKING pc=0x000002535c8f7da2 sp=0x000000fd05ef8368 mode 2
Event: 13.404 Thread 0x000002534ff10fa0 Uncommon trap: trap_request=0xffffff54 fr.pc=0x000002535d11d3e8 relative=0x0000000000000308
Event: 13.404 Thread 0x000002534ff10fa0 Uncommon trap: reason=speculate_null_assert action=make_not_entrant pc=0x000002535d11d3e8 method=org.jetbrains.kotlin.com.intellij.openapi.vfs.VfsUtilCore.isAncestor(Lorg/jetbrains/kotlin/com/intellij/openapi/vfs/VirtualFile;Lorg/jetbrains/kotlin/com/inte
Event: 13.404 Thread 0x000002534ff10fa0 DEOPT PACKING pc=0x000002535d11d3e8 sp=0x000000fd05ef8430
Event: 13.404 Thread 0x000002534ff10fa0 DEOPT UNPACKING pc=0x000002535c8f7da2 sp=0x000000fd05ef8368 mode 2
Event: 13.966 Thread 0x000002534ff10fa0 Uncommon trap: trap_request=0xffffffcc fr.pc=0x000002535d1518e0 relative=0x00000000000057a0
Event: 13.966 Thread 0x000002534ff10fa0 Uncommon trap: reason=intrinsic_or_type_checked_inlining action=make_not_entrant pc=0x000002535d1518e0 method=java.util.ArrayList$SubList.toArray([Ljava/lang/Object;)[Ljava/lang/Object; @ 58 c2
Event: 13.966 Thread 0x000002534ff10fa0 DEOPT PACKING pc=0x000002535d1518e0 sp=0x000000fd05efa590
Event: 13.966 Thread 0x000002534ff10fa0 DEOPT UNPACKING pc=0x000002535c8f7da2 sp=0x000000fd05efa340 mode 2

Classes loaded (20 events):
Event: 9.271 Loading class java/lang/annotation/ElementType
Event: 9.271 Loading class java/lang/annotation/ElementType done
Event: 9.271 Loading class java/lang/Deprecated
Event: 9.271 Loading class java/lang/Deprecated done
Event: 9.271 Loading class java/lang/Override
Event: 9.271 Loading class java/lang/Override done
Event: 9.784 Loading class java/util/ArrayList$SubList$1
Event: 9.785 Loading class java/util/ArrayList$SubList$1 done
Event: 9.995 Loading class java/util/AbstractList$ListItr
Event: 9.995 Loading class java/util/AbstractList$ListItr done
Event: 11.494 Loading class java/util/AbstractMap$SimpleImmutableEntry
Event: 11.494 Loading class java/util/AbstractMap$SimpleImmutableEntry done
Event: 11.653 Loading class java/security/CodeSigner
Event: 11.653 Loading class java/security/CodeSigner done
Event: 11.868 Loading class java/util/AbstractList$RandomAccessSubList
Event: 11.868 Loading class java/util/AbstractList$SubList
Event: 11.868 Loading class java/util/AbstractList$SubList done
Event: 11.868 Loading class java/util/AbstractList$RandomAccessSubList done
Event: 12.052 Loading class java/util/AbstractList$SubList$1
Event: 12.052 Loading class java/util/AbstractList$SubList$1 done

Classes unloaded (0 events):
No events

Classes redefined (0 events):
No events

Internal exceptions (20 events):
Event: 4.189 Thread 0x000002534ff10fa0 Exception <a 'java/lang/NoSuchMethodError'{0x00000000860872b0}: 'java.lang.Object java.lang.invoke.DirectMethodHandle$Holder.newInvokeSpecial(java.lang.Object, java.lang.Object, java.lang.Object, java.lang.Object, java.lang.Object, java.lang.Object)'> (0x00000000860872b0) 
thrown [s\src\hotspot\share\interpreter\linkResolver.cpp, line 784]
Event: 5.491 Thread 0x000002534ff10fa0 Exception <a 'java/lang/NoSuchMethodError'{0x00000000871ef168}: 'java.lang.Object java.lang.invoke.DirectMethodHandle$Holder.newInvokeSpecial(java.lang.Object, java.lang.Object, java.lang.Object, java.lang.Object, java.lang.Object, java.lang.Object, java.lang.Object)'> (0x00000000871ef168) 
thrown [s\src\hotspot\share\interpreter\linkResolver.cpp, line 784]
Event: 6.001 Thread 0x000002534ff10fa0 Exception <a 'java/lang/NoSuchMethodError'{0x000000008ae79ce0}: 'java.lang.Object java.lang.invoke.DirectMethodHandle$Holder.invokeVirtual(java.lang.Object, java.lang.Object, java.lang.Object)'> (0x000000008ae79ce0) 
thrown [s\src\hotspot\share\interpreter\linkResolver.cpp, line 784]
Event: 6.054 Thread 0x000002534ff10fa0 Exception <a 'java/lang/NoSuchMethodError'{0x000000008ade4488}: 'java.lang.Object java.lang.invoke.DirectMethodHandle$Holder.newInvokeSpecial(java.lang.Object, java.lang.Object, int)'> (0x000000008ade4488) 
thrown [s\src\hotspot\share\interpreter\linkResolver.cpp, line 784]
Event: 6.884 Thread 0x000002534ff10fa0 Implicit null exception at 0x000002535cf44fe3 to 0x000002535cf45075
Event: 8.991 Thread 0x000002534ff10fa0 Exception <a 'java/lang/NoSuchMethodError'{0x0000000087c99f80}: 'java.lang.Object java.lang.invoke.DirectMethodHandle$Holder.newInvokeSpecial(java.lang.Object, java.lang.Object, java.lang.Object, int, java.lang.Object)'> (0x0000000087c99f80) 
thrown [s\src\hotspot\share\interpreter\linkResolver.cpp, line 784]
Event: 9.454 Thread 0x000002534ff10fa0 Implicit null exception at 0x000002535cffc020 to 0x000002535cffc248
Event: 11.606 Thread 0x000002534ff10fa0 Exception <a 'java/lang/NoSuchMethodError'{0x00000000881ac5e8}: 'java.lang.Object java.lang.invoke.DirectMethodHandle$Holder.newInvokeSpecial(java.lang.Object, java.lang.Object, java.lang.Object, java.lang.Object, int, java.lang.Object, java.lang.Object)'> (0x00000000881ac5e8) 
thrown [s\src\hotspot\share\interpreter\linkResolver.cpp, line 784]
Event: 11.606 Thread 0x000002534ff10fa0 Exception <a 'java/lang/NoSuchMethodError'{0x00000000881b4518}: 'java.lang.Object java.lang.invoke.Invokers$Holder.linkToTargetMethod(java.lang.Object, java.lang.Object, java.lang.Object, int, java.lang.Object, java.lang.Object, java.lang.Object)'> (0x00000000881b4518) 
thrown [s\src\hotspot\share\interpreter\linkResolver.cpp, line 784]
Event: 11.817 Thread 0x000002534ff10fa0 Exception <a 'java/lang/NoSuchMethodError'{0x0000000088d848f0}: 'java.lang.Object java.lang.invoke.DirectMethodHandle$Holder.newInvokeSpecial(java.lang.Object, java.lang.Object, java.lang.Object, java.lang.Object, int)'> (0x0000000088d848f0) 
thrown [s\src\hotspot\share\interpreter\linkResolver.cpp, line 784]
Event: 11.818 Thread 0x000002534ff10fa0 Exception <a 'java/lang/NoSuchMethodError'{0x0000000088d88d38}: 'java.lang.Object java.lang.invoke.DirectMethodHandle$Holder.invokeSpecial(java.lang.Object, java.lang.Object, java.lang.Object, java.lang.Object, java.lang.Object, int)'> (0x0000000088d88d38) 
thrown [s\src\hotspot\share\interpreter\linkResolver.cpp, line 784]
Event: 11.818 Thread 0x000002534ff10fa0 Exception <a 'java/lang/NoSuchMethodError'{0x0000000088d8ca78}: 'java.lang.Object java.lang.invoke.Invokers$Holder.linkToTargetMethod(java.lang.Object, java.lang.Object, java.lang.Object, int, java.lang.Object)'> (0x0000000088d8ca78) 
thrown [s\src\hotspot\share\interpreter\linkResolver.cpp, line 784]
Event: 11.842 Thread 0x000002534ff10fa0 Exception <a 'java/lang/NoSuchMethodError'{0x0000000088c17ae0}: 'java.lang.Object java.lang.invoke.DirectMethodHandle$Holder.invokeSpecial(java.lang.Object, java.lang.Object, int, java.lang.Object, java.lang.Object)'> (0x0000000088c17ae0) 
thrown [s\src\hotspot\share\interpreter\linkResolver.cpp, line 784]
Event: 11.881 Thread 0x000002534ff10fa0 Exception <a 'java/lang/NoSuchMethodError'{0x0000000088b3c7a0}: 'java.lang.Object java.lang.invoke.DirectMethodHandle$Holder.newInvokeSpecial(java.lang.Object, java.lang.Object, java.lang.Object, int)'> (0x0000000088b3c7a0) 
thrown [s\src\hotspot\share\interpreter\linkResolver.cpp, line 784]
Event: 11.882 Thread 0x000002534ff10fa0 Exception <a 'java/lang/NoSuchMethodError'{0x0000000088b408d0}: 'java.lang.Object java.lang.invoke.DirectMethodHandle$Holder.invokeSpecial(java.lang.Object, java.lang.Object, java.lang.Object, java.lang.Object, int)'> (0x0000000088b408d0) 
thrown [s\src\hotspot\share\interpreter\linkResolver.cpp, line 784]
Event: 11.882 Thread 0x000002534ff10fa0 Exception <a 'java/lang/NoSuchMethodError'{0x0000000088b442d8}: 'java.lang.Object java.lang.invoke.Invokers$Holder.linkToTargetMethod(java.lang.Object, java.lang.Object, int, java.lang.Object)'> (0x0000000088b442d8) 
thrown [s\src\hotspot\share\interpreter\linkResolver.cpp, line 784]
Event: 11.889 Thread 0x000002534ff10fa0 Exception <a 'java/lang/NoSuchMethodError'{0x0000000088b6be80}: 'java.lang.Object java.lang.invoke.DirectMethodHandle$Holder.newInvokeSpecial(java.lang.Object, int, java.lang.Object)'> (0x0000000088b6be80) 
thrown [s\src\hotspot\share\interpreter\linkResolver.cpp, line 784]
Event: 12.085 Thread 0x000002534ff10fa0 Exception <a 'java/lang/NoSuchMethodError'{0x00000000886cc6d0}: 'java.lang.Object java.lang.invoke.DirectMethodHandle$Holder.invokeStatic(java.lang.Object, int, java.lang.Object, java.lang.Object)'> (0x00000000886cc6d0) 
thrown [s\src\hotspot\share\interpreter\linkResolver.cpp, line 784]
Event: 12.860 Thread 0x000002534ff10fa0 Exception <a 'java/lang/NoSuchMethodError'{0x0000000089d9a368}: 'java.lang.Object java.lang.invoke.DirectMethodHandle$Holder.newInvokeSpecial(java.lang.Object, java.lang.Object, java.lang.Object, java.lang.Object, java.lang.Object, java.lang.Object, java.lang.Object, java.lang.Object, java.lang.Object)'> (0x0000000089d9a368) 
thrown [s\src\hotspot\share\interpreter\linkResolver.cpp, line 784]
Event: 14.393 Thread 0x000002534ff10fa0 Exception <a 'java/lang/NoSuchMethodError'{0x000000008a563248}: 'java.lang.Object java.lang.invoke.DirectMethodHandle$Holder.invokeStatic(java.lang.Object, java.lang.Object, java.lang.Object, int, java.lang.Object, java.lang.Object)'> (0x000000008a563248) 
thrown [s\src\hotspot\share\interpreter\linkResolver.cpp, line 784]

ZGC Phase Switch (0 events):
No events

VM Operations (20 events):
Event: 13.480 Executing VM operation: G1CollectForAllocation (G1 Evacuation Pause) done
Event: 13.541 Executing VM operation: G1PauseRemark
Event: 13.549 Executing VM operation: G1PauseRemark done
Event: 13.604 Executing VM operation: G1PauseCleanup
Event: 13.649 Executing VM operation: G1PauseCleanup done
Event: 13.741 Executing VM operation: G1CollectForAllocation (G1 Evacuation Pause)
Event: 13.746 Executing VM operation: G1CollectForAllocation (G1 Evacuation Pause) done
Event: 13.936 Executing VM operation: HandshakeAllThreads (Deoptimize)
Event: 13.936 Executing VM operation: HandshakeAllThreads (Deoptimize) done
Event: 13.938 Executing VM operation: HandshakeAllThreads (Deoptimize)
Event: 13.938 Executing VM operation: HandshakeAllThreads (Deoptimize) done
Event: 14.157 Executing VM operation: ICBufferFull
Event: 14.157 Executing VM operation: ICBufferFull done
Event: 14.300 Executing VM operation: HandshakeAllThreads (Deoptimize)
Event: 14.300 Executing VM operation: HandshakeAllThreads (Deoptimize) done
Event: 14.302 Executing VM operation: HandshakeAllThreads (Deoptimize)
Event: 14.302 Executing VM operation: HandshakeAllThreads (Deoptimize) done
Event: 14.306 Executing VM operation: HandshakeAllThreads (Deoptimize)
Event: 14.306 Executing VM operation: HandshakeAllThreads (Deoptimize) done
Event: 14.445 Executing VM operation: G1CollectForAllocation (G1 Evacuation Pause)

Memory protections (0 events):
No events

Nmethod flushes (20 events):
Event: 13.548 Thread 0x0000025368f66130 flushing  nmethod 0x000002535568b790
Event: 13.548 Thread 0x0000025368f66130 flushing  nmethod 0x00000253556e6610
Event: 13.548 Thread 0x0000025368f66130 flushing  nmethod 0x000002535572db10
Event: 13.548 Thread 0x0000025368f66130 flushing  nmethod 0x000002535574dc10
Event: 13.548 Thread 0x0000025368f66130 flushing  nmethod 0x000002535579cc10
Event: 13.548 Thread 0x0000025368f66130 flushing  nmethod 0x00000253557d0b90
Event: 13.548 Thread 0x0000025368f66130 flushing  nmethod 0x0000025355880a90
Event: 13.548 Thread 0x0000025368f66130 flushing  nmethod 0x0000025355926310
Event: 13.548 Thread 0x0000025368f66130 flushing  nmethod 0x0000025355954510
Event: 13.548 Thread 0x0000025368f66130 flushing  nmethod 0x0000025355954c90
Event: 13.548 Thread 0x0000025368f66130 flushing  nmethod 0x0000025355977490
Event: 13.548 Thread 0x0000025368f66130 flushing  nmethod 0x00000253559f7290
Event: 13.548 Thread 0x0000025368f66130 flushing  nmethod 0x0000025355a37f10
Event: 13.548 Thread 0x0000025368f66130 flushing  nmethod 0x0000025355a60890
Event: 13.548 Thread 0x0000025368f66130 flushing  nmethod 0x0000025355b0e790
Event: 13.548 Thread 0x0000025368f66130 flushing  nmethod 0x0000025355bc6410
Event: 13.548 Thread 0x0000025368f66130 flushing  nmethod 0x0000025355bc6810
Event: 13.548 Thread 0x0000025368f66130 flushing  nmethod 0x0000025355c2bd10
Event: 13.548 Thread 0x0000025368f66130 flushing  nmethod 0x0000025355c8a010
Event: 13.548 Thread 0x0000025368f66130 flushing  nmethod 0x0000025355d09410

Events (20 events):
Event: 0.090 Thread 0x000002534ff10fa0 Thread added: 0x000002536911aac0
Event: 0.090 Thread 0x000002534ff10fa0 Thread added: 0x000002536911e9f0
Event: 0.090 Thread 0x000002534ff10fa0 Thread added: 0x00000253691207c0
Event: 0.091 Thread 0x000002534ff10fa0 Thread added: 0x0000025369124200
Event: 0.163 Thread 0x000002534ff10fa0 Thread added: 0x000002536911b570
Event: 0.183 Loaded shared library C:\Program Files\Android\Android Studio\jbr\bin\net.dll
Event: 0.186 Loaded shared library C:\Program Files\Android\Android Studio\jbr\bin\nio.dll
Event: 0.221 Thread 0x00000253691207c0 Thread added: 0x0000025369346d00
Event: 0.236 Loaded shared library C:\Program Files\Android\Android Studio\jbr\bin\zip.dll
Event: 0.301 Loaded shared library C:\Program Files\Android\Android Studio\jbr\bin\jimage.dll
Event: 0.884 Thread 0x0000025369346d00 Thread exited: 0x0000025369346d00
Event: 3.194 Thread 0x00000253691207c0 Thread added: 0x000002536e344720
Event: 4.578 Thread 0x000002536e344720 Thread exited: 0x000002536e344720
Event: 5.006 Thread 0x0000025369124200 Thread added: 0x000002536e833de0
Event: 5.719 Thread 0x000002536e833de0 Thread exited: 0x000002536e833de0
Event: 6.327 Thread 0x00000253691207c0 Thread added: 0x000002537076d9f0
Event: 7.479 Thread 0x000002537076d9f0 Thread exited: 0x000002537076d9f0
Event: 9.183 Thread 0x0000025369124200 Thread added: 0x00000253709b1680
Event: 12.917 Thread 0x00000253709b1680 Thread exited: 0x00000253709b1680
Event: 13.390 Thread 0x0000025369124200 Thread added: 0x0000025370d1ed70


Dynamic libraries:
0x00007ff635200000 - 0x00007ff63520a000 	C:\Program Files\Android\Android Studio\jbr\bin\java.exe
0x00007ffaa7c80000 - 0x00007ffaa7ee7000 	C:\WINDOWS\SYSTEM32\ntdll.dll
0x00007ffaa7b30000 - 0x00007ffaa7bf9000 	C:\WINDOWS\System32\KERNEL32.DLL
0x00007ffaa4dd0000 - 0x00007ffaa51bf000 	C:\WINDOWS\System32\KERNELBASE.dll
0x00007ffaa5280000 - 0x00007ffaa53cb000 	C:\WINDOWS\System32\ucrtbase.dll
0x00007ffa964c0000 - 0x00007ffa964db000 	C:\Program Files\Android\Android Studio\jbr\bin\VCRUNTIME140.dll
0x00007ffa8c7b0000 - 0x00007ffa8c7c8000 	C:\Program Files\Android\Android Studio\jbr\bin\jli.dll
0x00007ffaa5f30000 - 0x00007ffaa60f5000 	C:\WINDOWS\System32\USER32.dll
0x00007ffaa53d0000 - 0x00007ffaa53f7000 	C:\WINDOWS\System32\win32u.dll
0x00007ffaa6af0000 - 0x00007ffaa6b1b000 	C:\WINDOWS\System32\GDI32.dll
0x00007ffaa58f0000 - 0x00007ffaa5a1c000 	C:\WINDOWS\System32\gdi32full.dll
0x00007ffaa51d0000 - 0x00007ffaa5273000 	C:\WINDOWS\System32\msvcp_win.dll
0x00007ffa8e300000 - 0x00007ffa8e593000 	C:\WINDOWS\WinSxS\amd64_microsoft.windows.common-controls_6595b64144ccf1df_6.0.26100.7309_none_3e05feeae336a044\COMCTL32.dll
0x00007ffaa7570000 - 0x00007ffaa7619000 	C:\WINDOWS\System32\msvcrt.dll
0x00007ffaa7c00000 - 0x00007ffaa7c31000 	C:\WINDOWS\System32\IMM32.DLL
0x00007ffa9e7b0000 - 0x00007ffa9e7bc000 	C:\Program Files\Android\Android Studio\jbr\bin\vcruntime140_1.dll
0x00007ffa73ec0000 - 0x00007ffa73f4d000 	C:\Program Files\Android\Android Studio\jbr\bin\msvcp140.dll
0x00007ffa2f490000 - 0x00007ffa3011e000 	C:\Program Files\Android\Android Studio\jbr\bin\server\jvm.dll
0x00007ffaa79c0000 - 0x00007ffaa7a74000 	C:\WINDOWS\System32\ADVAPI32.dll
0x00007ffaa7a80000 - 0x00007ffaa7b26000 	C:\WINDOWS\System32\sechost.dll
0x00007ffaa6c30000 - 0x00007ffaa6d48000 	C:\WINDOWS\System32\RPCRT4.dll
0x00007ffaa6bb0000 - 0x00007ffaa6c24000 	C:\WINDOWS\System32\WS2_32.dll
0x00007ffaa4c50000 - 0x00007ffaa4cae000 	C:\WINDOWS\SYSTEM32\POWRPROF.dll
0x00007ffa9de40000 - 0x00007ffa9de4b000 	C:\WINDOWS\SYSTEM32\VERSION.dll
0x00007ffa8dfc0000 - 0x00007ffa8dff5000 	C:\WINDOWS\SYSTEM32\WINMM.dll
0x00007ffaa4c30000 - 0x00007ffaa4c44000 	C:\WINDOWS\SYSTEM32\UMPDC.dll
0x00007ffaa3b60000 - 0x00007ffaa3b7b000 	C:\WINDOWS\SYSTEM32\kernel.appcore.dll
0x00007ffa9dd30000 - 0x00007ffa9dd3a000 	C:\Program Files\Android\Android Studio\jbr\bin\jimage.dll
0x00007ffaa25d0000 - 0x00007ffaa2812000 	C:\WINDOWS\SYSTEM32\DBGHELP.DLL
0x00007ffaa5a40000 - 0x00007ffaa5dc6000 	C:\WINDOWS\System32\combase.dll
0x00007ffaa6740000 - 0x00007ffaa6816000 	C:\WINDOWS\System32\OLEAUT32.dll
0x00007ffa8c890000 - 0x00007ffa8c8cc000 	C:\WINDOWS\SYSTEM32\dbgcore.DLL
0x00007ffaa5840000 - 0x00007ffaa58e5000 	C:\WINDOWS\System32\bcryptPrimitives.dll
0x00007ffa96490000 - 0x00007ffa964b0000 	C:\Program Files\Android\Android Studio\jbr\bin\java.dll
0x00007ffa95b00000 - 0x00007ffa95b18000 	C:\Program Files\Android\Android Studio\jbr\bin\zip.dll
0x00007ffaa6d50000 - 0x00007ffaa74a3000 	C:\WINDOWS\System32\SHELL32.dll
0x00007ffaa54c0000 - 0x00007ffaa562a000 	C:\WINDOWS\System32\wintypes.dll
0x00007ffaa29b0000 - 0x00007ffaa320e000 	C:\WINDOWS\SYSTEM32\windows.storage.dll
0x00007ffaa5dd0000 - 0x00007ffaa5ec5000 	C:\WINDOWS\System32\SHCORE.dll
0x00007ffaa6130000 - 0x00007ffaa6196000 	C:\WINDOWS\System32\shlwapi.dll
0x00007ffaa4cf0000 - 0x00007ffaa4d19000 	C:\WINDOWS\SYSTEM32\profapi.dll
0x00007ffa9c350000 - 0x00007ffa9c360000 	C:\Program Files\Android\Android Studio\jbr\bin\net.dll
0x00007ffa9c3a0000 - 0x00007ffa9c4c8000 	C:\WINDOWS\SYSTEM32\WINHTTP.dll
0x00007ffaa40f0000 - 0x00007ffaa415b000 	C:\WINDOWS\system32\mswsock.dll
0x00007ffa8ce90000 - 0x00007ffa8cea6000 	C:\Program Files\Android\Android Studio\jbr\bin\nio.dll
0x00007ffa94120000 - 0x00007ffa94130000 	C:\Program Files\Android\Android Studio\jbr\bin\verify.dll

dbghelp: loaded successfully - version: 4.0.5 - missing functions: none
symbol engine: initialized successfully - sym options: 0x614 - pdb path: .;C:\Program Files\Android\Android Studio\jbr\bin;C:\WINDOWS\SYSTEM32;C:\WINDOWS\WinSxS\amd64_microsoft.windows.common-controls_6595b64144ccf1df_6.0.26100.7309_none_3e05feeae336a044;C:\Program Files\Android\Android Studio\jbr\bin\server

VM Arguments:
java_command: org.jetbrains.kotlin.cli.jvm.K2JVMCompiler @C:\Users\mathe\AndroidStudioProjects\ExameSUS\app\build\20260131_17392986596964372246.compiler.options
java_class_path (initial): C:\Users\mathe\.gradle\caches\modules-2\files-2.1\org.jetbrains.kotlin\kotlin-compiler-embeddable\2.0.21\79346ed53db48b18312a472602eb5c057070c54d\kotlin-compiler-embeddable-2.0.21.jar;C:\Users\mathe\.gradle\caches\modules-2\files-2.1\org.jetbrains.kotlin\kotlin-stdlib\2.0.21\618b539767b4899b4660a83006e052b63f1db551\kotlin-stdlib-2.0.21.jar;C:\Users\mathe\.gradle\caches\modules-2\files-2.1\org.jetbrains.kotlin\kotlin-script-runtime\2.0.21\c9b044380ad41f89aa89aa896c2d32a8c0b2129d\kotlin-script-runtime-2.0.21.jar;C:\Users\mathe\.gradle\caches\modules-2\files-2.1\org.jetbrains.kotlin\kotlin-reflect\1.6.10\1cbe9c92c12a94eea200d23c2bbaedaf3daf5132\kotlin-reflect-1.6.10.jar;C:\Users\mathe\.gradle\caches\modules-2\files-2.1\org.jetbrains.kotlin\kotlin-daemon-embeddable\2.0.21\c9e933b23287de9b5a17e2116b4657bb91aea72c\kotlin-daemon-embeddable-2.0.21.jar;C:\Users\mathe\.gradle\caches\modules-2\files-2.1\org.jetbrains.intellij.deps\trove4j\1.0.20200330\3afb14d5f9ceb459d724e907a21145e8ff394f02\trove4j-1.0.20200330.jar;C:\Users\mathe\.gradle\caches\modules-2\files-2.1\org.jetbrains.kotlinx\kotlinx-coroutines-core-jvm\1.6.4\2c997cd1c0ef33f3e751d3831929aeff1390cb30\kotlinx-coroutines-core-jvm-1.6.4.jar;C:\Users\mathe\.gradle\caches\modules-2\files-2.1\org.jetbrains\annotations\13.0\919f0dfe192fb4e063e7dacadee7f8bb9a2672a9\annotations-13.0.jar
Launcher Type: SUN_STANDARD

[Global flags]
     intx CICompilerCount                          = 3                                         {product} {ergonomic}
     uint ConcGCThreads                            = 1                                         {product} {ergonomic}
     uint G1ConcRefinementThreads                  = 4                                         {product} {ergonomic}
   size_t G1HeapRegionSize                         = 1048576                                   {product} {ergonomic}
    uintx GCDrainStackTargetSize                   = 64                                        {product} {ergonomic}
   size_t InitialHeapSize                          = 130023424                                 {product} {ergonomic}
   size_t MarkStackSize                            = 4194304                                   {product} {ergonomic}
   size_t MaxHeapSize                              = 2080374784                                {product} {ergonomic}
   size_t MaxNewSize                               = 1247805440                                {product} {ergonomic}
   size_t MinHeapDeltaBytes                        = 1048576                                   {product} {ergonomic}
   size_t MinHeapSize                              = 8388608                                   {product} {ergonomic}
    uintx NonNMethodCodeHeapSize                   = 5832780                                {pd product} {ergonomic}
    uintx NonProfiledCodeHeapSize                  = 122912730                              {pd product} {ergonomic}
    uintx ProfiledCodeHeapSize                     = 122912730                              {pd product} {ergonomic}
    uintx ReservedCodeCacheSize                    = 251658240                              {pd product} {ergonomic}
     bool SegmentedCodeCache                       = true                                      {product} {ergonomic}
   size_t SoftMaxHeapSize                          = 2080374784                             {manageable} {ergonomic}
     bool UseCompressedOops                        = true                           {product lp64_product} {ergonomic}
     bool UseG1GC                                  = true                                      {product} {ergonomic}
     bool UseLargePagesIndividualAllocation        = false                                  {pd product} {ergonomic}

Logging:
Log output configuration:
 #0: stdout all=warning uptime,level,tags foldmultilines=false
 #1: stderr all=off uptime,level,tags foldmultilines=false

Environment Variables:
PATH=C:\Program Files\Common Files\Oracle\Java\javapath;C:\Program Files (x86)\Common Files\Oracle\Java\javapath;C:\WINDOWS\system32;C:\WINDOWS;C:\WINDOWS\System32\Wbem;C:\WINDOWS\System32\WindowsPowerShell\v1.0\;C:\WINDOWS\System32\OpenSSH\;C:\Program Files\Microsoft SQL Server\120\Tools\Binn\;C:\Program Files\Common Files\Autodesk Shared\;C:\Program Files (x86)\Git\cmd;C:\Program Files\nodejs\;C:\Users\mathe\OneDrive\Documentos\Programas\apache-maven-3.9.11-bin\apache-maven-3.9.11\bin;C:\Program Files\dotnet\;C:\Program Files\MySQL\MySQL Shell 8.0\bin\;C:\Users\mathe\AppData\Local\Programs\Python\Python312\Scripts\;C:\Users\mathe\AppData\Local\Programs\Python\Python312\;C:\Users\mathe\AppData\Local\Microsoft\WindowsApps;C:\Users\mathe\AppData\Local\Programs\Microsoft VS Code\bin;C:\Users\mathe\AppData\Local\GitHubDesktop\bin;C:\Users\mathe\AppData\Roaming\npm;C:\Program Files\JetBrains\IntelliJ IDEA 2025.2.2\bin;C:\Users\mathe\AppData\Local\Programs\cursor\resources\app\bin
USERNAME=mathe
OS=Windows_NT
PROCESSOR_IDENTIFIER=Intel64 Family 6 Model 126 Stepping 5, GenuineIntel
TMP=C:\Users\mathe\AppData\Local\Temp
TEMP=C:\Users\mathe\AppData\Local\Temp




Periodic native trim disabled

JNI global refs:
JNI global refs: 10, weak refs: 5

JNI global refs memory usage: 835, weak refs: 833

Process memory usage:
Resident Set Size: 343124K (4% of 8121388K total physical memory with 666164K free physical memory)

OOME stack traces (most recent first):
Classloader memory used:
Loader jdk.internal.loader.ClassLoaders$AppClassLoader                                 : 45406K
Loader bootstrap                                                                       : 10776K
Loader java.net.URLClassLoader                                                         : 279K

---------------  S Y S T E M  ---------------

OS:
 Windows 11 , 64 bit Build 26100 (10.0.26100.7623)
OS uptime: 1 days 1:52 hours
Hyper-V role detected

CPU: total 4 (initial active 4) (2 cores per cpu, 2 threads per core) family 6 model 126 stepping 5 microcode 0xa0, cx8, cmov, fxsr, ht, mmx, 3dnowpref, sse, sse2, sse3, ssse3, sse4.1, sse4.2, popcnt, lzcnt, tsc, tscinvbit, avx, avx2, aes, erms, clmul, bmi1, bmi2, adx, avx512f, avx512dq, avx512cd, avx512bw, avx512vl, sha, fma, vzeroupper, avx512_vpopcntdq, avx512_vpclmulqdq, avx512_vaes, avx512_vnni, clflush, clflushopt, avx512_vbmi2, avx512_vbmi, hv, rdtscp, rdpid, fsrm, gfni, avx512_bitalg, f16c, avx512_ifma
Processor Information for processor 0
  Max Mhz: 1201, Current Mhz: 1201, Mhz Limit: 1201
Processor Information for processor 1
  Max Mhz: 1201, Current Mhz: 1000, Mhz Limit: 1201
Processor Information for processor 2
  Max Mhz: 1201, Current Mhz: 1201, Mhz Limit: 1201
Processor Information for processor 3
  Max Mhz: 1201, Current Mhz: 1201, Mhz Limit: 1201

Memory: 4k page, system-wide physical 7931M (650M free)
TotalPageFile size 14027M (AvailPageFile size 49M)
current process WorkingSet (physical memory assigned to process): 335M, peak: 342M
current process commit charge ("private bytes"): 336M, peak: 426M

vm_info: OpenJDK 64-Bit Server VM (21.0.7+-13880790-b1038.58) for windows-amd64 JRE (21.0.7+-13880790-b1038.58), built on 2025-08-04T20:56:21Z by "builder" with MS VC++ 16.10 / 16.11 (VS2019)

END.
